# JRE version: Java(TM) SE Runtime Environment (21.0.2+13) (build 21.0.2+13-LTS-58)
# Java VM: Java HotSpot(TM) 64-Bit Server VM (21.0.2+13-LTS-58, mixed mode, sharing, tiered, compressed oops, compressed class ptrs, g1 gc, windows-amd64)
GC Precious Log:
 CardTable entry size: 512
 Card Set container configuration: InlinePtr #cards 5 size 8 Array Of Cards #cards 12 size 40 Howl #buckets 4 coarsen threshold 1843 Howl Bitmap #cards 512 size 80 coarsen threshold 460 Card regions per heap region 1 cards per card region 2048
 CPUs: 12 total, 12 available
 Memory: 15716M
 Large Page Support: Disabled
 NUMA Support: Disabled
 Compressed Oops: Enabled (32-bit)
 Heap Region Size: 1M
 Heap Min Capacity: 8M
 Heap Initial Capacity: 246M
 Heap Max Capacity: 1G
 Pre-touch: Disabled
 Parallel Workers: 10
 Concurrent Workers: 3
 Concurrent Refinement Workers: 10
 Periodic GC: Disabled
Heap:
 garbage-first heap   total 485376K, used 421376K [0x00000000c0000000, 0x0000000100000000)
  region size 1024K, 5 young (5120K), 5 survivors (5120K)
 Metaspace       used 4087K, committed 4288K, reserved 1114112K
  class space    used 342K, committed 448K, reserved 1048576K
GC Heap History (20 events):
Event: 3.006 GC heap after
{Heap after GC invocations=2 (full 0):
 garbage-first heap   total 251904K, used 29696K [0x00000000c0000000, 0x0000000100000000)
  region size 1024K, 2 young (2048K), 2 survivors (2048K)
 Metaspace       used 4084K, committed 4288K, reserved 1114112K
  class space    used 342K, committed 448K, reserved 1048576K
}
Event: 3.238 GC heap before
{Heap before GC invocations=2 (full 0):
 garbage-first heap   total 251904K, used 45056K [0x00000000c0000000, 0x0000000100000000)
  region size 1024K, 17 young (17408K), 2 survivors (2048K)
 Metaspace       used 4086K, committed 4288K, reserved 1114112K
  class space    used 342K, committed 448K, reserved 1048576K
}
Event: 3.254 GC heap after
{Heap after GC invocations=3 (full 0):
 garbage-first heap   total 251904K, used 45046K [0x00000000c0000000, 0x0000000100000000)
  region size 1024K, 3 young (3072K), 3 survivors (3072K)
 Metaspace       used 4086K, committed 4288K, reserved 1114112K
  class space    used 342K, committed 448K, reserved 1048576K
}
Event: 3.390 GC heap before
{Heap before GC invocations=3 (full 0):
 garbage-first heap   total 251904K, used 73718K [0x00000000c0000000, 0x0000000100000000)
  region size 1024K, 31 young (31744K), 3 survivors (3072K)
 Metaspace       used 4086K, committed 4288K, reserved 1114112K
  class space    used 342K, committed 448K, reserved 1048576K
}
Event: 3.433 GC heap after
{Heap after GC invocations=4 (full 0):
 garbage-first heap   total 251904K, used 74240K [0x00000000c0000000, 0x0000000100000000)
  region size 1024K, 4 young (4096K), 4 survivors (4096K)
 Metaspace       used 4086K, committed 4288K, reserved 1114112K
  class space    used 342K, committed 448K, reserved 1048576K
}
Event: 3.699 GC heap before
{Heap before GC invocations=4 (full 0):
 garbage-first heap   total 251904K, used 110080K [0x00000000c0000000, 0x0000000100000000)
  region size 1024K, 39 young (39936K), 4 survivors (4096K)
 Metaspace       used 4087K, committed 4288K, reserved 1114112K
  class space    used 342K, committed 448K, reserved 1048576K
}
Event: 3.843 GC heap after
{Heap after GC invocations=5 (full 0):
 garbage-first heap   total 379904K, used 110592K [0x00000000c0000000, 0x0000000100000000)
  region size 1024K, 5 young (5120K), 5 survivors (5120K)
 Metaspace       used 4087K, committed 4288K, reserved 1114112K
  class space    used 342K, committed 448K, reserved 1048576K
}
Event: 5.073 GC heap before
{Heap before GC invocations=5 (full 0):
 garbage-first heap   total 379904K, used 147456K [0x00000000c0000000, 0x0000000100000000)
  region size 1024K, 41 young (41984K), 5 survivors (5120K)
 Metaspace       used 4087K, committed 4288K, reserved 1114112K
  class space    used 342K, committed 448K, reserved 1048576K
}
Event: 5.116 GC heap after
{Heap after GC invocations=6 (full 0):
 garbage-first heap   total 379904K, used 148992K [0x00000000c0000000, 0x0000000100000000)
  region size 1024K, 6 young (6144K), 6 survivors (6144K)
 Metaspace       used 4087K, committed 4288K, reserved 1114112K
  class space    used 342K, committed 448K, reserved 1048576K
}
Event: 5.316 GC heap before
{Heap before GC invocations=6 (full 0):
 garbage-first heap   total 379904K, used 193024K [0x00000000c0000000, 0x0000000100000000)
  region size 1024K, 49 young (50176K), 6 survivors (6144K)
 Metaspace       used 4087K, committed 4288K, reserved 1114112K
  class space    used 342K, committed 448K, reserved 1048576K
}
Event: 5.359 GC heap after
{Heap after GC invocations=7 (full 0):
 garbage-first heap   total 379904K, used 194560K [0x00000000c0000000, 0x0000000100000000)
  region size 1024K, 7 young (7168K), 7 survivors (7168K)
 Metaspace       used 4087K, committed 4288K, reserved 1114112K
  class space    used 342K, committed 448K, reserved 1048576K
}
Event: 5.531 GC heap before
{Heap before GC invocations=7 (full 0):
 garbage-first heap   total 379904K, used 249856K [0x00000000c0000000, 0x0000000100000000)
  region size 1024K, 61 young (62464K), 7 survivors (7168K)
 Metaspace       used 4087K, committed 4288K, reserved 1114112K
  class space    used 342K, committed 448K, reserved 1048576K
}
Event: 5.619 GC heap after
{Heap after GC invocations=8 (full 0):
 garbage-first heap   total 379904K, used 251392K [0x00000000c0000000, 0x0000000100000000)
  region size 1024K, 8 young (8192K), 8 survivors (8192K)
 Metaspace       used 4087K, committed 4288K, reserved 1114112K
  class space    used 342K, committed 448K, reserved 1048576K
}
Event: 5.857 GC heap before
{Heap before GC invocations=8 (full 0):
 garbage-first heap   total 485376K, used 290304K [0x00000000c0000000, 0x0000000100000000)
  region size 1024K, 46 young (47104K), 8 survivors (8192K)
 Metaspace       used 4087K, committed 4288K, reserved 1114112K
  class space    used 342K, committed 448K, reserved 1048576K
}
Event: 6.093 GC heap after
{Heap after GC invocations=9 (full 0):
 garbage-first heap   total 485376K, used 291328K [0x00000000c0000000, 0x0000000100000000)
  region size 1024K, 6 young (6144K), 6 survivors (6144K)
 Metaspace       used 4087K, committed 4288K, reserved 1114112K
  class space    used 342K, committed 448K, reserved 1048576K
}
Event: 6.647 GC heap before
{Heap before GC invocations=10 (full 0):
 garbage-first heap   total 485376K, used 350720K [0x00000000c0000000, 0x0000000100000000)
  region size 1024K, 64 young (65536K), 6 survivors (6144K)
 Metaspace       used 4087K, committed 4288K, reserved 1114112K
  class space    used 342K, committed 448K, reserved 1048576K
}
Event: 6.793 GC heap after
{Heap after GC invocations=11 (full 0):
 garbage-first heap   total 485376K, used 352768K [0x00000000c0000000, 0x0000000100000000)
  region size 1024K, 8 young (8192K), 8 survivors (8192K)
 Metaspace       used 4087K, committed 4288K, reserved 1114112K
  class space    used 342K, committed 448K, reserved 1048576K
}
Event: 6.925 GC heap before
{Heap before GC invocations=11 (full 0):
 garbage-first heap   total 485376K, used 392704K [0x00000000c0000000, 0x0000000100000000)
  region size 1024K, 47 young (48128K), 8 survivors (8192K)
 Metaspace       used 4087K, committed 4288K, reserved 1114112K
  class space    used 342K, committed 448K, reserved 1048576K
}
Event: 6.973 GC heap after
{Heap after GC invocations=12 (full 0):
 garbage-first heap   total 485376K, used 392192K [0x00000000c0000000, 0x0000000100000000)
  region size 1024K, 6 young (6144K), 6 survivors (6144K)
 Metaspace       used 4087K, committed 4288K, reserved 1114112K
  class space    used 342K, committed 448K, reserved 1048576K
}
Event: 7.106 GC heap before
{Heap before GC invocations=12 (full 0):
 garbage-first heap   total 485376K, used 419840K [0x00000000c0000000, 0x0000000100000000)
  region size 1024K, 33 young (33792K), 6 survivors (6144K)
 Metaspace       used 4087K, committed 4288K, reserved 1114112K
  class space    used 342K, committed 448K, reserved 1048576K
}

