# JRE version: Java(TM) SE Runtime Environment (21.0.2+13) (build 21.0.2+13-LTS-58)
# Java VM: Java HotSpot(TM) 64-Bit Server VM (21.0.2+13-LTS-58, mixed mode, sharing, tiered, compressed oops, compressed class ptrs, g1 gc, windows-amd64)
GC Precious Log:
 CardTable entry size: 512
 Card Set container configuration: InlinePtr #cards 5 size 8 Array Of Cards #cards 12 size 40 Howl #buckets 4 coarsen threshold 1843 Howl Bitmap #cards 512 size 80 coarsen threshold 460 Card regions per heap region 1 cards per card region 2048
 CPUs: 12 total, 12 available
 Memory: 15716M
 Large Page Support: Disabled
 NUMA Support: Disabled
 Compressed Oops: Enabled (32-bit)
 Heap Region Size: 1M
 Heap Min Capacity: 8M
 Heap Initial Capacity: 246M
 Heap Max Capacity: 1G
 Pre-touch: Disabled
 Parallel Workers: 10
 Concurrent Workers: 3
 Concurrent Refinement Workers: 10
 Periodic GC: Disabled
Heap:
 garbage-first heap   total 444416K, used 340480K [0x00000000c0000000, 0x0000000100000000)
  region size 1024K, 7 young (7168K), 7 survivors (7168K)
 Metaspace       used 4094K, committed 4288K, reserved 1114112K
  class space    used 342K, committed 448K, reserved 1048576K
GC Heap History (19 events):
Event: 2.568 GC heap before
{Heap before GC invocations=0 (full 0):
 garbage-first heap   total 251904K, used 22528K [0x00000000c0000000, 0x0000000100000000)
  region size 1024K, 23 young (23552K), 0 survivors (0K)
 Metaspace       used 3901K, committed 4096K, reserved 1114112K
  class space    used 336K, committed 448K, reserved 1048576K
}
Event: 2.724 GC heap after
{Heap after GC invocations=1 (full 0):
 garbage-first heap   total 251904K, used 17440K [0x00000000c0000000, 0x0000000100000000)
  region size 1024K, 3 young (3072K), 3 survivors (3072K)
 Metaspace       used 3901K, committed 4096K, reserved 1114112K
  class space    used 336K, committed 448K, reserved 1048576K
}
Event: 3.062 GC heap before
{Heap before GC invocations=1 (full 0):
 garbage-first heap   total 251904K, used 29728K [0x00000000c0000000, 0x0000000100000000)
  region size 1024K, 15 young (15360K), 3 survivors (3072K)
 Metaspace       used 4086K, committed 4288K, reserved 1114112K
  class space    used 342K, committed 448K, reserved 1048576K
}
Event: 3.099 GC heap after
{Heap after GC invocations=2 (full 0):
 garbage-first heap   total 251904K, used 30208K [0x00000000c0000000, 0x0000000100000000)
  region size 1024K, 2 young (2048K), 2 survivors (2048K)
 Metaspace       used 4086K, committed 4288K, reserved 1114112K
  class space    used 342K, committed 448K, reserved 1048576K
}
Event: 3.244 GC heap before
{Heap before GC invocations=2 (full 0):
 garbage-first heap   total 251904K, used 45568K [0x00000000c0000000, 0x0000000100000000)
  region size 1024K, 17 young (17408K), 2 survivors (2048K)
 Metaspace       used 4093K, committed 4288K, reserved 1114112K
  class space    used 342K, committed 448K, reserved 1048576K
}
Event: 3.277 GC heap after
{Heap after GC invocations=3 (full 0):
 garbage-first heap   total 251904K, used 46080K [0x00000000c0000000, 0x0000000100000000)
  region size 1024K, 3 young (3072K), 3 survivors (3072K)
 Metaspace       used 4093K, committed 4288K, reserved 1114112K
  class space    used 342K, committed 448K, reserved 1048576K
}
Event: 3.637 GC heap before
{Heap before GC invocations=3 (full 0):
 garbage-first heap   total 251904K, used 73728K [0x00000000c0000000, 0x0000000100000000)
  region size 1024K, 30 young (30720K), 3 survivors (3072K)
 Metaspace       used 4093K, committed 4288K, reserved 1114112K
  class space    used 342K, committed 448K, reserved 1048576K
}
Event: 3.666 GC heap after
{Heap after GC invocations=4 (full 0):
 garbage-first heap   total 251904K, used 73728K [0x00000000c0000000, 0x0000000100000000)
  region size 1024K, 4 young (4096K), 4 survivors (4096K)
 Metaspace       used 4093K, committed 4288K, reserved 1114112K
  class space    used 342K, committed 448K, reserved 1048576K
}
Event: 3.946 GC heap before
{Heap before GC invocations=4 (full 0):
 garbage-first heap   total 251904K, used 109568K [0x00000000c0000000, 0x0000000100000000)
  region size 1024K, 39 young (39936K), 4 survivors (4096K)
 Metaspace       used 4093K, committed 4288K, reserved 1114112K
  class space    used 342K, committed 448K, reserved 1048576K
}
Event: 4.075 GC heap after
{Heap after GC invocations=5 (full 0):
 garbage-first heap   total 394240K, used 110080K [0x00000000c0000000, 0x0000000100000000)
  region size 1024K, 5 young (5120K), 5 survivors (5120K)
 Metaspace       used 4093K, committed 4288K, reserved 1114112K
  class space    used 342K, committed 448K, reserved 1048576K
}
Event: 4.851 GC heap before
{Heap before GC invocations=5 (full 0):
 garbage-first heap   total 394240K, used 147968K [0x00000000c0000000, 0x0000000100000000)
  region size 1024K, 42 young (43008K), 5 survivors (5120K)
 Metaspace       used 4093K, committed 4288K, reserved 1114112K
  class space    used 342K, committed 448K, reserved 1048576K
}
Event: 5.000 GC heap after
{Heap after GC invocations=6 (full 0):
 garbage-first heap   total 394240K, used 149504K [0x00000000c0000000, 0x0000000100000000)
  region size 1024K, 6 young (6144K), 6 survivors (6144K)
 Metaspace       used 4093K, committed 4288K, reserved 1114112K
  class space    used 342K, committed 448K, reserved 1048576K
}
Event: 5.278 GC heap before
{Heap before GC invocations=6 (full 0):
 garbage-first heap   total 394240K, used 193536K [0x00000000c0000000, 0x0000000100000000)
  region size 1024K, 49 young (50176K), 6 survivors (6144K)
 Metaspace       used 4093K, committed 4288K, reserved 1114112K
  class space    used 342K, committed 448K, reserved 1048576K
}
Event: 5.322 GC heap after
{Heap after GC invocations=7 (full 0):
 garbage-first heap   total 394240K, used 194560K [0x00000000c0000000, 0x0000000100000000)
  region size 1024K, 7 young (7168K), 7 survivors (7168K)
 Metaspace       used 4093K, committed 4288K, reserved 1114112K
  class space    used 342K, committed 448K, reserved 1048576K
}
Event: 5.526 GC heap before
{Heap before GC invocations=7 (full 0):
 garbage-first heap   total 394240K, used 248832K [0x00000000c0000000, 0x0000000100000000)
  region size 1024K, 60 young (61440K), 7 survivors (7168K)
 Metaspace       used 4093K, committed 4288K, reserved 1114112K
  class space    used 342K, committed 448K, reserved 1048576K
}
Event: 5.569 GC heap after
{Heap after GC invocations=8 (full 0):
 garbage-first heap   total 394240K, used 249856K [0x00000000c0000000, 0x0000000100000000)
  region size 1024K, 8 young (8192K), 8 survivors (8192K)
 Metaspace       used 4093K, committed 4288K, reserved 1114112K
  class space    used 342K, committed 448K, reserved 1048576K
}
Event: 5.895 GC heap before
{Heap before GC invocations=9 (full 0):
 garbage-first heap   total 444416K, used 293888K [0x00000000c0000000, 0x0000000100000000)
  region size 1024K, 51 young (52224K), 8 survivors (8192K)
 Metaspace       used 4094K, committed 4288K, reserved 1114112K
  class space    used 342K, committed 448K, reserved 1048576K
}
Event: 6.115 GC heap after
{Heap after GC invocations=10 (full 0):
 garbage-first heap   total 444416K, used 295424K [0x00000000c0000000, 0x0000000100000000)
  region size 1024K, 7 young (7168K), 7 survivors (7168K)
 Metaspace       used 4094K, committed 4288K, reserved 1114112K
  class space    used 342K, committed 448K, reserved 1048576K
}
Event: 6.353 GC heap before
{Heap before GC invocations=10 (full 0):
 garbage-first heap   total 444416K, used 340480K [0x00000000c0000000, 0x0000000100000000)
  region size 1024K, 51 young (52224K), 7 survivors (7168K)
 Metaspace       used 4094K, committed 4288K, reserved 1114112K
  class space    used 342K, committed 448K, reserved 1048576K
}

